Windows fatal exception: access violation

Thread 0x00006570 (most recent call first):
  File "C:\Python314\Lib\concurrent\futures\thread.py", line 116 in _worker
  File "C:\Python314\Lib\threading.py", line 1023 in run
  File "C:\Python314\Lib\threading.py", line 1081 in _bootstrap_inner
  File "C:\Python314\Lib\threading.py", line 1043 in _bootstrap

Thread 0x000047dc (most recent call first):
  File "C:\Users\kamil\AppData\Roaming\Python\Python314\site-packages\psutil\_pswindows.py", line 978 in open_files
  File "C:\Users\kamil\AppData\Roaming\Python\Python314\site-packages\psutil\_pswindows.py", line 666 in wrapper
  File "C:\Users\kamil\AppData\Roaming\Python\Python314\site-packages\psutil\__init__.py", line 1224 in open_files
  File "C:\Users\kamil\BLACKWALL\blackwall\monitor\browser_guard.py", line 443 in check_network_after_browser_access
  File "C:\Users\kamil\BLACKWALL\blackwall\monitor\browser_guard.py", line 490 in scan
  File "C:\Users\kamil\BLACKWALL\blackwall.py", line 739 in _heavy_runner
  File "C:\Users\kamil\BLACKWALL\blackwall.py", line 723 in _guarded
  File "C:\Python314\Lib\asyncio\events.py", line 94 in _run
  File "C:\Python314\Lib\asyncio\base_events.py", line 2046 in _run_once
  File "C:\Python314\Lib\asyncio\base_events.py", line 677 in run_forever
  File "C:\Python314\Lib\asyncio\base_events.py", line 706 in run_until_complete
  File "C:\Python314\Lib\asyncio\runners.py", line 127 in run
  File "C:\Python314\Lib\asyncio\runners.py", line 204 in run
  File "C:\Users\kamil\BLACKWALL\blackwall.py", line 763 in _run_backend
  File "C:\Python314\Lib\threading.py", line 1023 in run
  File "C:\Python314\Lib\threading.py", line 1081 in _bootstrap_inner
  File "C:\Python314\Lib\threading.py", line 1043 in _bootstrap

Thread 0x00004934 (most recent call first):
  File "C:\Python314\Lib\tkinter\__init__.py", line 2796 in destroy
  File "C:\Python314\Lib\tkinter\__init__.py", line 2795 in destroy
  File "C:\Users\kamil\AppData\Roaming\Python\Python314\site-packages\customtkinter\windows\widgets\core_widget_classes\ctk_base_class.py", line 98 in destroy
  File "C:\Users\kamil\AppData\Roaming\Python\Python314\site-packages\customtkinter\windows\widgets\ctk_label.py", line 149 in destroy
  File "C:\Users\kamil\BLACKWALL\blackwall\gui\app.py", line 1235 in _update_network_page
  File "C:\Users\kamil\BLACKWALL\blackwall\gui\app.py", line 993 in _refresh_current_page
  File "C:\Users\kamil\BLACKWALL\blackwall\gui\app.py", line 980 in _update_loop
  File "C:\Python314\Lib\tkinter\__init__.py", line 876 in callit
  File "C:\Python314\Lib\tkinter\__init__.py", line 2082 in __call__
  File "C:\Python314\Lib\tkinter\__init__.py", line 1613 in mainloop
  File "C:\Users\kamil\AppData\Roaming\Python\Python314\site-packages\customtkinter\windows\ctk_tk.py", line 165 in mainloop
  File "C:\Users\kamil\BLACKWALL\blackwall\gui\app.py", line 1670 in start
  File "C:\Users\kamil\BLACKWALL\blackwall.py", line 769 in run_gui
  File "C:\Users\kamil\BLACKWALL\blackwall.py", line 797 in <module>

Current thread's C stack trace (most recent call first):
  <cannot get C stack on this system>
